Copyright 1986-2014 Xilinx, Inc. All Rights Reserved.
---------------------------------------------------------------------------------------
| Tool Version : Vivado v.2014.4 (win64) Build 1071353 Tue Nov 18 18:29:27 MST 2014
| Date         : Wed Jul 01 01:11:57 2015
| Host         : Vangelis-PC running 64-bit major release  (build 9200)
| Command      : report_clock_utilization -file Top_Level_clock_utilization_placed.rpt
| Design       : Top_Level
| Device       : xc7a100t
---------------------------------------------------------------------------------------

Clock Utilization Report

Table of Contents
-----------------
1. Clock Primitive Utilization
2. Details of Global Clocks
3. Details of Regional Clocks
4. Details of Multi-Regional Clocks
5. Details of I/O Clocks
6. Details of Local Clocks
7. Clock Regions : Key Resource Utilization
8. Net wise resources used in clock region X0Y0
9. Net wise resources used in clock region X1Y0
10. Net wise resources used in clock region X0Y1
11. Net wise resources used in clock region X1Y1
12. Net wise resources used in clock region X0Y2
13. Net wise resources used in clock region X1Y2
14. Net wise resources used in clock region X0Y3
15. Net wise resources used in clock region X1Y3

1. Clock Primitive Utilization
------------------------------

+-------+------+-----------+-----------+
| Type  | Used | Available | Num Fixed |
+-------+------+-----------+-----------+
| BUFG  |    3 |        32 |         0 |
| BUFH  |    0 |        96 |         0 |
| BUFIO |    0 |        24 |         0 |
| MMCM  |    0 |         6 |         0 |
| PLL   |    1 |         6 |         0 |
| BUFR  |    0 |        24 |         0 |
| BUFMR |    0 |        12 |         0 |
+-------+------+-----------+-----------+


2. Details of Global Clocks
---------------------------

+-------+--------------------------------------+-------------------------------------------------+--------------+-------+---------------+-----------+
|       |                                      |                                                 |   Num Loads  |       |               |           |
+-------+--------------------------------------+-------------------------------------------------+------+-------+-------+---------------+-----------+
| Index | BUFG Cell                            | Net Name                                        | BELs | Sites | Fixed | MaxDelay (ns) | Skew (ns) |
+-------+--------------------------------------+-------------------------------------------------+------+-------+-------+---------------+-----------+
|     1 | Picture/clocking_8346/U0/clkf_buf    | Picture/clocking_8346/U0/clkfbout_buf_Clock8346 |    1 |     1 |    no |         1.440 |     0.072 |
|     2 | Picture/clocking_8346/U0/clkout1_buf | Picture/clocking_8346/U0/clk_out1               |  398 |   385 |    no |         1.452 |     0.276 |
|     3 | CLK_I_BUFG_inst                      | CLK_I_BUFG                                      |  742 |   278 |    no |         1.440 |     0.216 |
+-------+--------------------------------------+-------------------------------------------------+------+-------+-------+---------------+-----------+


+-------+-----------------------------------------+---------------------------------------------+--------------+-------+---------------+-----------+
|       |                                         |                                             |   Num Loads  |       |               |           |
+-------+-----------------------------------------+---------------------------------------------+------+-------+-------+---------------+-----------+
| Index | PLL Cell                                | Net Name                                    | BELs | Sites | Fixed | MaxDelay (ns) | Skew (ns) |
+-------+-----------------------------------------+---------------------------------------------+------+-------+-------+---------------+-----------+
|     1 | Picture/clocking_8346/U0/plle2_adv_inst | Picture/clocking_8346/U0/clk_out1_Clock8346 |    1 |     1 |    no |         1.539 |     0.077 |
|     2 | Picture/clocking_8346/U0/plle2_adv_inst | Picture/clocking_8346/U0/clkfbout_Clock8346 |    1 |     1 |    no |         1.539 |     0.077 |
+-------+-----------------------------------------+---------------------------------------------+------+-------+-------+---------------+-----------+


3. Details of Regional Clocks
-----------------------------

4. Details of Multi-Regional Clocks
-----------------------------------

5. Details of I/O Clocks
------------------------

6. Details of Local Clocks
--------------------------

+-------+-------------------------------------------------------------+----------------------------------------------+--------------+-------+---------------+-----------+
|       |                                                             |                                              |   Num Loads  |       |               |           |
+-------+-------------------------------------------------------------+----------------------------------------------+------+-------+-------+---------------+-----------+
| Index | Local Clk Src                                               | Net Name                                     | BELs | Sites | Fixed | MaxDelay (ns) | Skew (ns) |
+-------+-------------------------------------------------------------+----------------------------------------------+------+-------+-------+---------------+-----------+
|     1 | Picture/Inst_BlockRamScore/Register5/PixelOut_reg_i_2       | Picture/Inst_BlockRamScore/Register5/O2      |    1 |     1 |    no |         0.435 |     0.034 |
|     2 | Picture/Inst_BlockRamTextures/Register5/PixelOut_reg[3]_i_2 | Picture/Inst_BlockRamTextures/Register5/E[0] |    4 |     1 |    no |         0.446 |     0.034 |
|     3 | Control_p/Play_mode/Digit1_reg[2]_i_1                       | Control_p/Play_mode/E[0]                     |    7 |     3 |    no |         0.449 |     0.164 |
|     4 | Control_p/Play_mode/Digit1_reg[2]_i_1__0                    | Control_p/Play_mode/O23[0]                   |    7 |     3 |    no |         0.435 |     0.055 |
|     5 | Picture/Inst_BlockRamFaces/Regist6/PixelOutR_reg[15]_i_2    | Picture/Inst_BlockRamFaces/Regist6/E[0]      |   12 |     4 |    no |         0.725 |     0.093 |
+-------+-------------------------------------------------------------+----------------------------------------------+------+-------+-------+---------------+-----------+


7. Clock Regions : Key Resource Utilization
-------------------------------------------

+-------------------+--------------+--------------+--------------+--------------+--------------+--------------+--------------+--------------+--------------+--------------+--------------+--------------+--------------+--------------+--------------+
|                   | Global Clock |     BUFRs    |    BUFMRs    |    BUFIOs    |     MMCM     |      PLL     |      GT      |      PCI     |    ILOGIC    |    OLOGIC    |      FF      |     LUTM     |    RAMB18    |    RAMB36    |    DSP48E1   |
+-------------------+------+-------+------+-------+------+-------+------+-------+------+-------+------+-------+------+-------+------+-------+------+-------+------+-------+------+-------+------+-------+------+-------+------+-------+------+-------+
| Clock Region Name | Used | Avail | Used | Avail | Used | Avail | Used | Avail | Used | Avail | Used | Avail | Used | Avail | Used | Avail | Used | Avail | Used | Avail | Used | Avail | Used | Avail | Used | Avail | Used | Avail | Used | Avail |
+-------------------+------+-------+------+-------+------+-------+------+-------+------+-------+------+-------+------+-------+------+-------+------+-------+------+-------+------+-------+------+-------+------+-------+------+-------+------+-------+
| X0Y0              |    3 |    12 |    0 |     4 |    0 |     2 |    0 |     4 |    0 |     1 |    1 |     1 |    0 |     0 |    0 |     0 |    0 |    50 |    0 |    50 |    0 | 20800 |    0 |  2400 |    2 |    20 |    9 |    10 |    0 |    20 |
| X1Y0              |    1 |    12 |    0 |     0 |    0 |     0 |    0 |     0 |    0 |     0 |    0 |     0 |    0 |     5 |    0 |     0 |    0 |     0 |    0 |     0 |    0 | 12000 |    0 |  2200 |    0 |    40 |   20 |    20 |    0 |    40 |
| X0Y1              |    2 |    12 |    0 |     4 |    0 |     2 |    0 |     4 |    0 |     1 |    0 |     1 |    0 |     0 |    0 |     0 |    0 |    50 |    0 |    50 |  519 | 16000 |    0 |  2400 |    0 |    20 |   10 |    10 |    0 |    20 |
| X1Y1              |    1 |    12 |    0 |     4 |    0 |     2 |    0 |     4 |    0 |     1 |    0 |     1 |    0 |     0 |    0 |     0 |    0 |    50 |    0 |    50 |   63 | 15200 |    0 |  2600 |    0 |    60 |   30 |    30 |    0 |    40 |
| X0Y2              |    2 |    12 |    0 |     4 |    0 |     2 |    0 |     4 |    0 |     1 |    0 |     1 |    0 |     0 |    0 |     0 |    0 |    50 |    0 |    50 |  266 | 16000 |   96 |  2400 |    0 |    20 |   10 |    10 |    0 |    20 |
| X1Y2              |    1 |    12 |    0 |     4 |    0 |     2 |    0 |     4 |    0 |     1 |    0 |     1 |    0 |     0 |    0 |     0 |    0 |    50 |    0 |    50 |   69 | 15200 |    0 |  2600 |    4 |    60 |   28 |    30 |    0 |    40 |
| X0Y3              |    1 |    12 |    0 |     4 |    0 |     2 |    0 |     4 |    0 |     1 |    0 |     1 |    0 |     0 |    0 |     0 |    0 |    50 |    0 |    50 |    0 | 20800 |    0 |  2400 |    0 |    20 |   10 |    10 |    0 |    20 |
| X1Y3              |    1 |    12 |    0 |     0 |    0 |     0 |    0 |     0 |    0 |     0 |    0 |     0 |    0 |     5 |    0 |     1 |    0 |     0 |    0 |     0 |   19 | 10800 |    0 |  2000 |    0 |    30 |   15 |    15 |    0 |    40 |
+-------------------+------+-------+------+-------+------+-------+------+-------+------+-------+------+-------+------+-------+------+-------+------+-------+------+-------+------+-------+------+-------+------+-------+------+-------+------+-------+
* RAMB36 site can be used as two RAMB18/FIFO18 sites


8. Net wise resources used in clock region X0Y0
-----------------------------------------------

+-------------+-------------+-------+-----------+----------+---------+-----------+---------+---------+-----+-------+----------+-------------------------------------------------+
| Source Type | BUFHCE Site | Fixed | MMCM Pins | PLL Pins | GT Pins | BRAM Pins | ILOGICs | OLOGICs | FFs | LUTMs | DSP48E1s |                  Clock Net Name                 |
+-------------+-------------+-------+-----------+----------+---------+-----------+---------+---------+-----+-------+----------+-------------------------------------------------+
| BUFG        |     ---     |   no  |         0 |        1 |       0 |         0 |       0 |       0 |   0 |     0 |        0 | CLK_I_BUFG                                      |
| BUFG        |     ---     |   no  |         0 |        0 |       0 |        22 |       0 |       0 |   0 |     0 |        0 | Picture/clocking_8346/U0/clk_out1               |
| BUFG        |     ---     |   no  |         0 |        1 |       0 |         0 |       0 |       0 |   0 |     0 |        0 | Picture/clocking_8346/U0/clkfbout_buf_Clock8346 |
+-------------+-------------+-------+-----------+----------+---------+-----------+---------+---------+-----+-------+----------+-------------------------------------------------+


9. Net wise resources used in clock region X1Y0
-----------------------------------------------

+-------------+-------------+-------+-----------+----------+---------+-----------+---------+---------+-----+-------+----------+-----------------------------------+
| Source Type | BUFHCE Site | Fixed | MMCM Pins | PLL Pins | GT Pins | BRAM Pins | ILOGICs | OLOGICs | FFs | LUTMs | DSP48E1s |           Clock Net Name          |
+-------------+-------------+-------+-----------+----------+---------+-----------+---------+---------+-----+-------+----------+-----------------------------------+
| BUFG        |     ---     |   no  |         0 |        0 |       0 |        40 |       0 |       0 |   0 |     0 |        0 | Picture/clocking_8346/U0/clk_out1 |
+-------------+-------------+-------+-----------+----------+---------+-----------+---------+---------+-----+-------+----------+-----------------------------------+


10. Net wise resources used in clock region X0Y1
------------------------------------------------

+-------------+-------------+-------+-----------+----------+---------+-----------+---------+---------+-----+-------+----------+-----------------------------------+
| Source Type | BUFHCE Site | Fixed | MMCM Pins | PLL Pins | GT Pins | BRAM Pins | ILOGICs | OLOGICs | FFs | LUTMs | DSP48E1s |           Clock Net Name          |
+-------------+-------------+-------+-----------+----------+---------+-----------+---------+---------+-----+-------+----------+-----------------------------------+
| BUFG        |     ---     |   no  |         0 |        0 |       0 |        20 |       0 |       0 | 106 |     0 |        0 | Picture/clocking_8346/U0/clk_out1 |
| BUFG        |     ---     |   no  |         0 |        0 |       0 |         0 |       0 |       0 | 398 |     0 |        0 | CLK_I_BUFG                        |
+-------------+-------------+-------+-----------+----------+---------+-----------+---------+---------+-----+-------+----------+-----------------------------------+


11. Net wise resources used in clock region X1Y1
------------------------------------------------

+-------------+-------------+-------+-----------+----------+---------+-----------+---------+---------+-----+-------+----------+-----------------------------------+
| Source Type | BUFHCE Site | Fixed | MMCM Pins | PLL Pins | GT Pins | BRAM Pins | ILOGICs | OLOGICs | FFs | LUTMs | DSP48E1s |           Clock Net Name          |
+-------------+-------------+-------+-----------+----------+---------+-----------+---------+---------+-----+-------+----------+-----------------------------------+
| BUFG        |     ---     |   no  |         0 |        0 |       0 |        60 |       0 |       0 |  63 |     0 |        0 | Picture/clocking_8346/U0/clk_out1 |
+-------------+-------------+-------+-----------+----------+---------+-----------+---------+---------+-----+-------+----------+-----------------------------------+


12. Net wise resources used in clock region X0Y2
------------------------------------------------

+-------------+-------------+-------+-----------+----------+---------+-----------+---------+---------+-----+-------+----------+-----------------------------------+
| Source Type | BUFHCE Site | Fixed | MMCM Pins | PLL Pins | GT Pins | BRAM Pins | ILOGICs | OLOGICs | FFs | LUTMs | DSP48E1s |           Clock Net Name          |
+-------------+-------------+-------+-----------+----------+---------+-----------+---------+---------+-----+-------+----------+-----------------------------------+
| BUFG        |     ---     |   no  |         0 |        0 |       0 |        20 |       0 |       0 |  19 |     0 |        0 | Picture/clocking_8346/U0/clk_out1 |
| BUFG        |     ---     |   no  |         0 |        0 |       0 |         0 |       0 |       0 | 247 |    96 |        0 | CLK_I_BUFG                        |
+-------------+-------------+-------+-----------+----------+---------+-----------+---------+---------+-----+-------+----------+-----------------------------------+


13. Net wise resources used in clock region X1Y2
------------------------------------------------

+-------------+-------------+-------+-----------+----------+---------+-----------+---------+---------+-----+-------+----------+-----------------------------------+
| Source Type | BUFHCE Site | Fixed | MMCM Pins | PLL Pins | GT Pins | BRAM Pins | ILOGICs | OLOGICs | FFs | LUTMs | DSP48E1s |           Clock Net Name          |
+-------------+-------------+-------+-----------+----------+---------+-----------+---------+---------+-----+-------+----------+-----------------------------------+
| BUFG        |     ---     |   no  |         0 |        0 |       0 |        64 |       0 |       0 |  65 |     0 |        0 | Picture/clocking_8346/U0/clk_out1 |
+-------------+-------------+-------+-----------+----------+---------+-----------+---------+---------+-----+-------+----------+-----------------------------------+


14. Net wise resources used in clock region X0Y3
------------------------------------------------

+-------------+-------------+-------+-----------+----------+---------+-----------+---------+---------+-----+-------+----------+-----------------------------------+
| Source Type | BUFHCE Site | Fixed | MMCM Pins | PLL Pins | GT Pins | BRAM Pins | ILOGICs | OLOGICs | FFs | LUTMs | DSP48E1s |           Clock Net Name          |
+-------------+-------------+-------+-----------+----------+---------+-----------+---------+---------+-----+-------+----------+-----------------------------------+
| BUFG        |     ---     |   no  |         0 |        0 |       0 |        20 |       0 |       0 |   0 |     0 |        0 | Picture/clocking_8346/U0/clk_out1 |
+-------------+-------------+-------+-----------+----------+---------+-----------+---------+---------+-----+-------+----------+-----------------------------------+


15. Net wise resources used in clock region X1Y3
------------------------------------------------

+-------------+-------------+-------+-----------+----------+---------+-----------+---------+---------+-----+-------+----------+-----------------------------------+
| Source Type | BUFHCE Site | Fixed | MMCM Pins | PLL Pins | GT Pins | BRAM Pins | ILOGICs | OLOGICs | FFs | LUTMs | DSP48E1s |           Clock Net Name          |
+-------------+-------------+-------+-----------+----------+---------+-----------+---------+---------+-----+-------+----------+-----------------------------------+
| BUFG        |     ---     |   no  |         0 |        0 |       0 |        30 |       0 |       0 |   7 |     0 |        0 | Picture/clocking_8346/U0/clk_out1 |
+-------------+-------------+-------+-----------+----------+---------+-----------+---------+---------+-----+-------+----------+-----------------------------------+



# Location of BUFG Primitives 
set_property LOC BUFGCTRL_X0Y16 [get_cells CLK_I_BUFG_inst]
set_property LOC BUFGCTRL_X0Y0 [get_cells Picture/clocking_8346/U0/clkout1_buf]
set_property LOC BUFGCTRL_X0Y1 [get_cells Picture/clocking_8346/U0/clkf_buf]

# Location of IO Clock Primitives

# Location of MMCM Clock Primitives

# Location of BUFH Clock Primitives

# Location of BUFR Clock Primitives

# Location of BUFMR Clock Primitives

# Location of PLL Clock Primitives
set_property LOC PLLE2_ADV_X0Y0 [get_cells Picture/clocking_8346/U0/plle2_adv_inst]

# Location of IO Primitives which is load of clock spine

# Location of clock ports
set_property LOC IOB_X1Y126 [get_ports CLK_I]

# Clock net "CLK_I_BUFG" driven by instance "CLK_I_BUFG_inst" located at site "BUFGCTRL_X0Y16"
#startgroup
create_pblock CLKAG_CLK_I_BUFG
add_cells_to_pblock [get_pblocks  CLKAG_CLK_I_BUFG] [get_cells  -filter { IS_PRIMITIVE==1 && PRIMITIVE_LEVEL !=INTERNAL && NAME!=Picture/clocking_8346/U0/plle2_adv_inst} -of_object [get_pins -filter {DIRECTION==IN} -of_objects [get_nets -hierarchical -filter {PARENT=="CLK_I_BUFG"}]]]
resize_pblock [get_pblocks CLKAG_CLK_I_BUFG] -add {CLOCKREGION_X0Y0:CLOCKREGION_X0Y0 CLOCKREGION_X0Y1:CLOCKREGION_X0Y1 CLOCKREGION_X0Y2:CLOCKREGION_X0Y2 CLOCKREGION_X0Y3:CLOCKREGION_X0Y3 CLOCKREGION_X1Y0:CLOCKREGION_X1Y0 CLOCKREGION_X1Y1:CLOCKREGION_X1Y1 CLOCKREGION_X1Y2:CLOCKREGION_X1Y2 CLOCKREGION_X1Y3:CLOCKREGION_X1Y3}
#endgroup

# Clock net "Control_p/Play_mode/E[0]" driven by instance "Control_p/Play_mode/Digit1_reg[2]_i_1" located at site "SLICE_X44Y94"
#startgroup
create_pblock CLKAG_Control_p/Play_mode/E[0]
add_cells_to_pblock [get_pblocks  CLKAG_Control_p/Play_mode/E[0]] [get_cells  -filter { IS_PRIMITIVE==1 && PRIMITIVE_LEVEL !=INTERNAL } -of_object [get_pins -filter {DIRECTION==IN} -of_objects [get_nets -hierarchical -filter {PARENT=="Control_p/Play_mode/E[0]"}]]]
resize_pblock [get_pblocks CLKAG_Control_p/Play_mode/E[0]] -add {CLOCKREGION_X0Y0:CLOCKREGION_X0Y0 CLOCKREGION_X0Y1:CLOCKREGION_X0Y1 CLOCKREGION_X0Y2:CLOCKREGION_X0Y2 CLOCKREGION_X0Y3:CLOCKREGION_X0Y3 CLOCKREGION_X1Y0:CLOCKREGION_X1Y0 CLOCKREGION_X1Y1:CLOCKREGION_X1Y1 CLOCKREGION_X1Y2:CLOCKREGION_X1Y2 CLOCKREGION_X1Y3:CLOCKREGION_X1Y3}
#endgroup

# Clock net "Control_p/Play_mode/O23[0]" driven by instance "Control_p/Play_mode/Digit1_reg[2]_i_1__0" located at site "SLICE_X40Y92"
#startgroup
create_pblock CLKAG_Control_p/Play_mode/O23[0]
add_cells_to_pblock [get_pblocks  CLKAG_Control_p/Play_mode/O23[0]] [get_cells  -filter { IS_PRIMITIVE==1 && PRIMITIVE_LEVEL !=INTERNAL } -of_object [get_pins -filter {DIRECTION==IN} -of_objects [get_nets -hierarchical -filter {PARENT=="Control_p/Play_mode/O23[0]"}]]]
resize_pblock [get_pblocks CLKAG_Control_p/Play_mode/O23[0]] -add {CLOCKREGION_X0Y0:CLOCKREGION_X0Y0 CLOCKREGION_X0Y1:CLOCKREGION_X0Y1 CLOCKREGION_X0Y2:CLOCKREGION_X0Y2 CLOCKREGION_X0Y3:CLOCKREGION_X0Y3 CLOCKREGION_X1Y0:CLOCKREGION_X1Y0 CLOCKREGION_X1Y1:CLOCKREGION_X1Y1 CLOCKREGION_X1Y2:CLOCKREGION_X1Y2 CLOCKREGION_X1Y3:CLOCKREGION_X1Y3}
#endgroup

# Clock net "Picture/Inst_BlockRamFaces/Regist6/E[0]" driven by instance "Picture/Inst_BlockRamFaces/Regist6/PixelOutR_reg[15]_i_2" located at site "SLICE_X54Y168"
#startgroup
create_pblock CLKAG_Picture/Inst_BlockRamFaces/Regist6/E[0]
add_cells_to_pblock [get_pblocks  CLKAG_Picture/Inst_BlockRamFaces/Regist6/E[0]] [get_cells  -filter { IS_PRIMITIVE==1 && PRIMITIVE_LEVEL !=INTERNAL } -of_object [get_pins -filter {DIRECTION==IN} -of_objects [get_nets -hierarchical -filter {PARENT=="Picture/Inst_BlockRamFaces/Regist6/E[0]"}]]]
resize_pblock [get_pblocks CLKAG_Picture/Inst_BlockRamFaces/Regist6/E[0]] -add {CLOCKREGION_X0Y0:CLOCKREGION_X0Y0 CLOCKREGION_X0Y1:CLOCKREGION_X0Y1 CLOCKREGION_X0Y2:CLOCKREGION_X0Y2 CLOCKREGION_X0Y3:CLOCKREGION_X0Y3 CLOCKREGION_X1Y0:CLOCKREGION_X1Y0 CLOCKREGION_X1Y1:CLOCKREGION_X1Y1 CLOCKREGION_X1Y2:CLOCKREGION_X1Y2 CLOCKREGION_X1Y3:CLOCKREGION_X1Y3}
#endgroup

# Clock net "Picture/Inst_BlockRamScore/Register5/O2" driven by instance "Picture/Inst_BlockRamScore/Register5/PixelOut_reg_i_2" located at site "SLICE_X48Y89"
#startgroup
create_pblock CLKAG_Picture/Inst_BlockRamScore/Register5/O2
add_cells_to_pblock [get_pblocks  CLKAG_Picture/Inst_BlockRamScore/Register5/O2] [get_cells  -filter { IS_PRIMITIVE==1 && PRIMITIVE_LEVEL !=INTERNAL } -of_object [get_pins -filter {DIRECTION==IN} -of_objects [get_nets -hierarchical -filter {PARENT=="Picture/Inst_BlockRamScore/Register5/O2"}]]]
resize_pblock [get_pblocks CLKAG_Picture/Inst_BlockRamScore/Register5/O2] -add {CLOCKREGION_X0Y0:CLOCKREGION_X0Y0 CLOCKREGION_X0Y1:CLOCKREGION_X0Y1 CLOCKREGION_X0Y2:CLOCKREGION_X0Y2 CLOCKREGION_X0Y3:CLOCKREGION_X0Y3 CLOCKREGION_X1Y0:CLOCKREGION_X1Y0 CLOCKREGION_X1Y1:CLOCKREGION_X1Y1 CLOCKREGION_X1Y2:CLOCKREGION_X1Y2 CLOCKREGION_X1Y3:CLOCKREGION_X1Y3}
#endgroup

# Clock net "Picture/Inst_BlockRamTextures/Register5/E[0]" driven by instance "Picture/Inst_BlockRamTextures/Register5/PixelOut_reg[3]_i_2" located at site "SLICE_X56Y108"
#startgroup
create_pblock CLKAG_Picture/Inst_BlockRamTextures/Register5/E[0]
add_cells_to_pblock [get_pblocks  CLKAG_Picture/Inst_BlockRamTextures/Register5/E[0]] [get_cells  -filter { IS_PRIMITIVE==1 && PRIMITIVE_LEVEL !=INTERNAL } -of_object [get_pins -filter {DIRECTION==IN} -of_objects [get_nets -hierarchical -filter {PARENT=="Picture/Inst_BlockRamTextures/Register5/E[0]"}]]]
resize_pblock [get_pblocks CLKAG_Picture/Inst_BlockRamTextures/Register5/E[0]] -add {CLOCKREGION_X0Y0:CLOCKREGION_X0Y0 CLOCKREGION_X0Y1:CLOCKREGION_X0Y1 CLOCKREGION_X0Y2:CLOCKREGION_X0Y2 CLOCKREGION_X0Y3:CLOCKREGION_X0Y3 CLOCKREGION_X1Y0:CLOCKREGION_X1Y0 CLOCKREGION_X1Y1:CLOCKREGION_X1Y1 CLOCKREGION_X1Y2:CLOCKREGION_X1Y2 CLOCKREGION_X1Y3:CLOCKREGION_X1Y3}
#endgroup

# Clock net "Picture/clocking_8346/U0/clk_out1" driven by instance "Picture/clocking_8346/U0/clkout1_buf" located at site "BUFGCTRL_X0Y0"
#startgroup
create_pblock CLKAG_Picture/clocking_8346/U0/clk_out1
add_cells_to_pblock [get_pblocks  CLKAG_Picture/clocking_8346/U0/clk_out1] [get_cells  -filter { IS_PRIMITIVE==1 && PRIMITIVE_LEVEL !=INTERNAL } -of_object [get_pins -filter {DIRECTION==IN} -of_objects [get_nets -hierarchical -filter {PARENT=="Picture/clocking_8346/U0/clk_out1"}]]]
resize_pblock [get_pblocks CLKAG_Picture/clocking_8346/U0/clk_out1] -add {CLOCKREGION_X0Y0:CLOCKREGION_X0Y0 CLOCKREGION_X0Y1:CLOCKREGION_X0Y1 CLOCKREGION_X0Y2:CLOCKREGION_X0Y2 CLOCKREGION_X0Y3:CLOCKREGION_X0Y3 CLOCKREGION_X1Y0:CLOCKREGION_X1Y0 CLOCKREGION_X1Y1:CLOCKREGION_X1Y1 CLOCKREGION_X1Y2:CLOCKREGION_X1Y2 CLOCKREGION_X1Y3:CLOCKREGION_X1Y3}
#endgroup
